2018-02-12 16:06 +08:00: Error: Cannot find module 'multer'
    at Function.Module._resolveFilename (module.js:469:15)
    at Function.Module._load (module.js:417:25)
    at Function._load (/usr/local/lib/node_modules/pm2/node_modules/pmx/lib/transaction.js:62:21)
    at Module.require (module.js:497:17)
    at require (internal/module.js:20:19)
    at Object.<anonymous> (/Users/explorer/PANCHEN417/aqi/routes/wechat.js:3:16)
    at Module._compile (module.js:570:32)
    at Object.Module._extensions..js (module.js:579:10)
    at Module.load (module.js:487:32)
    at tryModuleLoad (module.js:446:12)
2018-02-12 16:06 +08:00: Error: Cannot find module 'multer'
    at Function.Module._resolveFilename (module.js:469:15)
    at Function.Module._load (module.js:417:25)
    at Function._load (/usr/local/lib/node_modules/pm2/node_modules/pmx/lib/transaction.js:62:21)
    at Module.require (module.js:497:17)
    at require (internal/module.js:20:19)
    at Object.<anonymous> (/Users/explorer/PANCHEN417/aqi/routes/wechat.js:3:16)
    at Module._compile (module.js:570:32)
    at Object.Module._extensions..js (module.js:579:10)
    at Module.load (module.js:487:32)
    at tryModuleLoad (module.js:446:12)
2018-02-12 16:06 +08:00: Error: Cannot find module 'multer'
    at Function.Module._resolveFilename (module.js:469:15)
    at Function.Module._load (module.js:417:25)
    at Function._load (/usr/local/lib/node_modules/pm2/node_modules/pmx/lib/transaction.js:62:21)
    at Module.require (module.js:497:17)
    at require (internal/module.js:20:19)
    at Object.<anonymous> (/Users/explorer/PANCHEN417/aqi/routes/wechat.js:3:16)
    at Module._compile (module.js:570:32)
    at Object.Module._extensions..js (module.js:579:10)
    at Module.load (module.js:487:32)
    at tryModuleLoad (module.js:446:12)
2018-02-12 16:06 +08:00: Error: Cannot find module 'multer'
    at Function.Module._resolveFilename (module.js:469:15)
    at Function.Module._load (module.js:417:25)
    at Function._load (/usr/local/lib/node_modules/pm2/node_modules/pmx/lib/transaction.js:62:21)
    at Module.require (module.js:497:17)
    at require (internal/module.js:20:19)
    at Object.<anonymous> (/Users/explorer/PANCHEN417/aqi/routes/wechat.js:3:16)
    at Module._compile (module.js:570:32)
    at Object.Module._extensions..js (module.js:579:10)
    at Module.load (module.js:487:32)
    at tryModuleLoad (module.js:446:12)
2018-02-12 16:06 +08:00: Error: Cannot find module 'multer'
    at Function.Module._resolveFilename (module.js:469:15)
    at Function.Module._load (module.js:417:25)
    at Function._load (/usr/local/lib/node_modules/pm2/node_modules/pmx/lib/transaction.js:62:21)
    at Module.require (module.js:497:17)
    at require (internal/module.js:20:19)
    at Object.<anonymous> (/Users/explorer/PANCHEN417/aqi/routes/wechat.js:3:16)
    at Module._compile (module.js:570:32)
    at Object.Module._extensions..js (module.js:579:10)
    at Module.load (module.js:487:32)
    at tryModuleLoad (module.js:446:12)
2018-02-12 16:06 +08:00: Error: Cannot find module 'multer'
    at Function.Module._resolveFilename (module.js:469:15)
    at Function.Module._load (module.js:417:25)
    at Function._load (/usr/local/lib/node_modules/pm2/node_modules/pmx/lib/transaction.js:62:21)
    at Module.require (module.js:497:17)
    at require (internal/module.js:20:19)
    at Object.<anonymous> (/Users/explorer/PANCHEN417/aqi/routes/wechat.js:3:16)
    at Module._compile (module.js:570:32)
    at Object.Module._extensions..js (module.js:579:10)
    at Module.load (module.js:487:32)
    at tryModuleLoad (module.js:446:12)
2018-02-12 16:06 +08:00: Error: Cannot find module 'multer'
    at Function.Module._resolveFilename (module.js:469:15)
    at Function.Module._load (module.js:417:25)
    at Function._load (/usr/local/lib/node_modules/pm2/node_modules/pmx/lib/transaction.js:62:21)
    at Module.require (module.js:497:17)
    at require (internal/module.js:20:19)
    at Object.<anonymous> (/Users/explorer/PANCHEN417/aqi/routes/wechat.js:3:16)
    at Module._compile (module.js:570:32)
    at Object.Module._extensions..js (module.js:579:10)
    at Module.load (module.js:487:32)
    at tryModuleLoad (module.js:446:12)
2018-02-12 16:06 +08:00: Error: Cannot find module 'multer'
    at Function.Module._resolveFilename (module.js:469:15)
    at Function.Module._load (module.js:417:25)
    at Function._load (/usr/local/lib/node_modules/pm2/node_modules/pmx/lib/transaction.js:62:21)
    at Module.require (module.js:497:17)
    at require (internal/module.js:20:19)
    at Object.<anonymous> (/Users/explorer/PANCHEN417/aqi/routes/wechat.js:3:16)
    at Module._compile (module.js:570:32)
    at Object.Module._extensions..js (module.js:579:10)
    at Module.load (module.js:487:32)
    at tryModuleLoad (module.js:446:12)
2018-02-12 16:06 +08:00: Error: Cannot find module 'multer'
    at Function.Module._resolveFilename (module.js:469:15)
    at Function.Module._load (module.js:417:25)
    at Function._load (/usr/local/lib/node_modules/pm2/node_modules/pmx/lib/transaction.js:62:21)
    at Module.require (module.js:497:17)
    at require (internal/module.js:20:19)
    at Object.<anonymous> (/Users/explorer/PANCHEN417/aqi/routes/wechat.js:3:16)
    at Module._compile (module.js:570:32)
    at Object.Module._extensions..js (module.js:579:10)
    at Module.load (module.js:487:32)
    at tryModuleLoad (module.js:446:12)
2018-02-12 16:06 +08:00: Error: Cannot find module 'multer'
    at Function.Module._resolveFilename (module.js:469:15)
    at Function.Module._load (module.js:417:25)
    at Function._load (/usr/local/lib/node_modules/pm2/node_modules/pmx/lib/transaction.js:62:21)
    at Module.require (module.js:497:17)
    at require (internal/module.js:20:19)
    at Object.<anonymous> (/Users/explorer/PANCHEN417/aqi/routes/wechat.js:3:16)
    at Module._compile (module.js:570:32)
    at Object.Module._extensions..js (module.js:579:10)
    at Module.load (module.js:487:32)
    at tryModuleLoad (module.js:446:12)
2018-02-12 16:06 +08:00: Error: Cannot find module 'multer'
    at Function.Module._resolveFilename (module.js:469:15)
    at Function.Module._load (module.js:417:25)
    at Function._load (/usr/local/lib/node_modules/pm2/node_modules/pmx/lib/transaction.js:62:21)
    at Module.require (module.js:497:17)
    at require (internal/module.js:20:19)
    at Object.<anonymous> (/Users/explorer/PANCHEN417/aqi/routes/wechat.js:3:16)
    at Module._compile (module.js:570:32)
    at Object.Module._extensions..js (module.js:579:10)
    at Module.load (module.js:487:32)
    at tryModuleLoad (module.js:446:12)
2018-02-12 16:06 +08:00: Error: Cannot find module 'multer'
    at Function.Module._resolveFilename (module.js:469:15)
    at Function.Module._load (module.js:417:25)
    at Function._load (/usr/local/lib/node_modules/pm2/node_modules/pmx/lib/transaction.js:62:21)
    at Module.require (module.js:497:17)
    at require (internal/module.js:20:19)
    at Object.<anonymous> (/Users/explorer/PANCHEN417/aqi/routes/wechat.js:3:16)
    at Module._compile (module.js:570:32)
    at Object.Module._extensions..js (module.js:579:10)
    at Module.load (module.js:487:32)
    at tryModuleLoad (module.js:446:12)
2018-02-12 16:06 +08:00: Error: Cannot find module 'multer'
    at Function.Module._resolveFilename (module.js:469:15)
    at Function.Module._load (module.js:417:25)
    at Function._load (/usr/local/lib/node_modules/pm2/node_modules/pmx/lib/transaction.js:62:21)
    at Module.require (module.js:497:17)
    at require (internal/module.js:20:19)
    at Object.<anonymous> (/Users/explorer/PANCHEN417/aqi/routes/wechat.js:3:16)
    at Module._compile (module.js:570:32)
    at Object.Module._extensions..js (module.js:579:10)
    at Module.load (module.js:487:32)
    at tryModuleLoad (module.js:446:12)
2018-02-12 16:06 +08:00: Error: Cannot find module 'multer'
    at Function.Module._resolveFilename (module.js:469:15)
    at Function.Module._load (module.js:417:25)
    at Function._load (/usr/local/lib/node_modules/pm2/node_modules/pmx/lib/transaction.js:62:21)
    at Module.require (module.js:497:17)
    at require (internal/module.js:20:19)
    at Object.<anonymous> (/Users/explorer/PANCHEN417/aqi/routes/wechat.js:3:16)
    at Module._compile (module.js:570:32)
    at Object.Module._extensions..js (module.js:579:10)
    at Module.load (module.js:487:32)
    at tryModuleLoad (module.js:446:12)
2018-02-12 16:06 +08:00: Error: Cannot find module 'multer'
    at Function.Module._resolveFilename (module.js:469:15)
    at Function.Module._load (module.js:417:25)
    at Function._load (/usr/local/lib/node_modules/pm2/node_modules/pmx/lib/transaction.js:62:21)
    at Module.require (module.js:497:17)
    at require (internal/module.js:20:19)
    at Object.<anonymous> (/Users/explorer/PANCHEN417/aqi/routes/wechat.js:3:16)
    at Module._compile (module.js:570:32)
    at Object.Module._extensions..js (module.js:579:10)
    at Module.load (module.js:487:32)
    at tryModuleLoad (module.js:446:12)
2018-02-12 16:06 +08:00: Error: Cannot find module 'multer'
    at Function.Module._resolveFilename (module.js:469:15)
    at Function.Module._load (module.js:417:25)
    at Function._load (/usr/local/lib/node_modules/pm2/node_modules/pmx/lib/transaction.js:62:21)
    at Module.require (module.js:497:17)
    at require (internal/module.js:20:19)
    at Object.<anonymous> (/Users/explorer/PANCHEN417/aqi/routes/wechat.js:3:16)
    at Module._compile (module.js:570:32)
    at Object.Module._extensions..js (module.js:579:10)
    at Module.load (module.js:487:32)
    at tryModuleLoad (module.js:446:12)
2018-02-12 16:07 +08:00: Error: ENOTSUP: operation not supported on socket, mkdir '/home/panchen'
    at Error (native)
    at Object.fs.mkdirSync (fs.js:923:18)
    at sync (/Users/explorer/PANCHEN417/aqi/node_modules/mkdirp/index.js:71:13)
    at sync (/Users/explorer/PANCHEN417/aqi/node_modules/mkdirp/index.js:77:24)
    at sync (/Users/explorer/PANCHEN417/aqi/node_modules/mkdirp/index.js:77:24)
    at Function.sync (/Users/explorer/PANCHEN417/aqi/node_modules/mkdirp/index.js:77:24)
    at new DiskStorage (/Users/explorer/PANCHEN417/aqi/node_modules/multer/storage/disk.js:21:12)
    at module.exports (/Users/explorer/PANCHEN417/aqi/node_modules/multer/storage/disk.js:65:10)
    at new Multer (/Users/explorer/PANCHEN417/aqi/node_modules/multer/index.js:15:20)
    at multer (/Users/explorer/PANCHEN417/aqi/node_modules/multer/index.js:95:12)
2018-02-12 16:07 +08:00: Error: ENOTSUP: operation not supported on socket, mkdir '/home/panchen'
    at Error (native)
    at Object.fs.mkdirSync (fs.js:923:18)
    at sync (/Users/explorer/PANCHEN417/aqi/node_modules/mkdirp/index.js:71:13)
    at sync (/Users/explorer/PANCHEN417/aqi/node_modules/mkdirp/index.js:77:24)
    at sync (/Users/explorer/PANCHEN417/aqi/node_modules/mkdirp/index.js:77:24)
    at Function.sync (/Users/explorer/PANCHEN417/aqi/node_modules/mkdirp/index.js:77:24)
    at new DiskStorage (/Users/explorer/PANCHEN417/aqi/node_modules/multer/storage/disk.js:21:12)
    at module.exports (/Users/explorer/PANCHEN417/aqi/node_modules/multer/storage/disk.js:65:10)
    at new Multer (/Users/explorer/PANCHEN417/aqi/node_modules/multer/index.js:15:20)
    at multer (/Users/explorer/PANCHEN417/aqi/node_modules/multer/index.js:95:12)
2018-02-12 16:07 +08:00: Error: ENOTSUP: operation not supported on socket, mkdir '/home/panchen'
    at Error (native)
    at Object.fs.mkdirSync (fs.js:923:18)
    at sync (/Users/explorer/PANCHEN417/aqi/node_modules/mkdirp/index.js:71:13)
    at sync (/Users/explorer/PANCHEN417/aqi/node_modules/mkdirp/index.js:77:24)
    at sync (/Users/explorer/PANCHEN417/aqi/node_modules/mkdirp/index.js:77:24)
    at Function.sync (/Users/explorer/PANCHEN417/aqi/node_modules/mkdirp/index.js:77:24)
    at new DiskStorage (/Users/explorer/PANCHEN417/aqi/node_modules/multer/storage/disk.js:21:12)
    at module.exports (/Users/explorer/PANCHEN417/aqi/node_modules/multer/storage/disk.js:65:10)
    at new Multer (/Users/explorer/PANCHEN417/aqi/node_modules/multer/index.js:15:20)
    at multer (/Users/explorer/PANCHEN417/aqi/node_modules/multer/index.js:95:12)
2018-02-12 16:07 +08:00: Error: ENOTSUP: operation not supported on socket, mkdir '/home/panchen'
    at Error (native)
    at Object.fs.mkdirSync (fs.js:923:18)
    at sync (/Users/explorer/PANCHEN417/aqi/node_modules/mkdirp/index.js:71:13)
    at sync (/Users/explorer/PANCHEN417/aqi/node_modules/mkdirp/index.js:77:24)
    at sync (/Users/explorer/PANCHEN417/aqi/node_modules/mkdirp/index.js:77:24)
    at Function.sync (/Users/explorer/PANCHEN417/aqi/node_modules/mkdirp/index.js:77:24)
    at new DiskStorage (/Users/explorer/PANCHEN417/aqi/node_modules/multer/storage/disk.js:21:12)
    at module.exports (/Users/explorer/PANCHEN417/aqi/node_modules/multer/storage/disk.js:65:10)
    at new Multer (/Users/explorer/PANCHEN417/aqi/node_modules/multer/index.js:15:20)
    at multer (/Users/explorer/PANCHEN417/aqi/node_modules/multer/index.js:95:12)
2018-02-12 16:07 +08:00: Error: ENOTSUP: operation not supported on socket, mkdir '/home/panchen'
    at Error (native)
    at Object.fs.mkdirSync (fs.js:923:18)
    at sync (/Users/explorer/PANCHEN417/aqi/node_modules/mkdirp/index.js:71:13)
    at sync (/Users/explorer/PANCHEN417/aqi/node_modules/mkdirp/index.js:77:24)
    at sync (/Users/explorer/PANCHEN417/aqi/node_modules/mkdirp/index.js:77:24)
    at Function.sync (/Users/explorer/PANCHEN417/aqi/node_modules/mkdirp/index.js:77:24)
    at new DiskStorage (/Users/explorer/PANCHEN417/aqi/node_modules/multer/storage/disk.js:21:12)
    at module.exports (/Users/explorer/PANCHEN417/aqi/node_modules/multer/storage/disk.js:65:10)
    at new Multer (/Users/explorer/PANCHEN417/aqi/node_modules/multer/index.js:15:20)
    at multer (/Users/explorer/PANCHEN417/aqi/node_modules/multer/index.js:95:12)
2018-02-12 16:07 +08:00: Error: ENOTSUP: operation not supported on socket, mkdir '/home/panchen'
    at Error (native)
    at Object.fs.mkdirSync (fs.js:923:18)
    at sync (/Users/explorer/PANCHEN417/aqi/node_modules/mkdirp/index.js:71:13)
    at sync (/Users/explorer/PANCHEN417/aqi/node_modules/mkdirp/index.js:77:24)
    at sync (/Users/explorer/PANCHEN417/aqi/node_modules/mkdirp/index.js:77:24)
    at Function.sync (/Users/explorer/PANCHEN417/aqi/node_modules/mkdirp/index.js:77:24)
    at new DiskStorage (/Users/explorer/PANCHEN417/aqi/node_modules/multer/storage/disk.js:21:12)
    at module.exports (/Users/explorer/PANCHEN417/aqi/node_modules/multer/storage/disk.js:65:10)
    at new Multer (/Users/explorer/PANCHEN417/aqi/node_modules/multer/index.js:15:20)
    at multer (/Users/explorer/PANCHEN417/aqi/node_modules/multer/index.js:95:12)
2018-02-12 16:07 +08:00: Error: ENOTSUP: operation not supported on socket, mkdir '/home/panchen'
    at Error (native)
    at Object.fs.mkdirSync (fs.js:923:18)
    at sync (/Users/explorer/PANCHEN417/aqi/node_modules/mkdirp/index.js:71:13)
    at sync (/Users/explorer/PANCHEN417/aqi/node_modules/mkdirp/index.js:77:24)
    at sync (/Users/explorer/PANCHEN417/aqi/node_modules/mkdirp/index.js:77:24)
    at Function.sync (/Users/explorer/PANCHEN417/aqi/node_modules/mkdirp/index.js:77:24)
    at new DiskStorage (/Users/explorer/PANCHEN417/aqi/node_modules/multer/storage/disk.js:21:12)
    at module.exports (/Users/explorer/PANCHEN417/aqi/node_modules/multer/storage/disk.js:65:10)
    at new Multer (/Users/explorer/PANCHEN417/aqi/node_modules/multer/index.js:15:20)
    at multer (/Users/explorer/PANCHEN417/aqi/node_modules/multer/index.js:95:12)
2018-02-12 16:07 +08:00: Error: ENOTSUP: operation not supported on socket, mkdir '/home/panchen'
    at Error (native)
    at Object.fs.mkdirSync (fs.js:923:18)
    at sync (/Users/explorer/PANCHEN417/aqi/node_modules/mkdirp/index.js:71:13)
    at sync (/Users/explorer/PANCHEN417/aqi/node_modules/mkdirp/index.js:77:24)
    at sync (/Users/explorer/PANCHEN417/aqi/node_modules/mkdirp/index.js:77:24)
    at Function.sync (/Users/explorer/PANCHEN417/aqi/node_modules/mkdirp/index.js:77:24)
    at new DiskStorage (/Users/explorer/PANCHEN417/aqi/node_modules/multer/storage/disk.js:21:12)
    at module.exports (/Users/explorer/PANCHEN417/aqi/node_modules/multer/storage/disk.js:65:10)
    at new Multer (/Users/explorer/PANCHEN417/aqi/node_modules/multer/index.js:15:20)
    at multer (/Users/explorer/PANCHEN417/aqi/node_modules/multer/index.js:95:12)
2018-02-12 16:07 +08:00: Error: ENOTSUP: operation not supported on socket, mkdir '/home/panchen'
    at Error (native)
    at Object.fs.mkdirSync (fs.js:923:18)
    at sync (/Users/explorer/PANCHEN417/aqi/node_modules/mkdirp/index.js:71:13)
    at sync (/Users/explorer/PANCHEN417/aqi/node_modules/mkdirp/index.js:77:24)
    at sync (/Users/explorer/PANCHEN417/aqi/node_modules/mkdirp/index.js:77:24)
    at Function.sync (/Users/explorer/PANCHEN417/aqi/node_modules/mkdirp/index.js:77:24)
    at new DiskStorage (/Users/explorer/PANCHEN417/aqi/node_modules/multer/storage/disk.js:21:12)
    at module.exports (/Users/explorer/PANCHEN417/aqi/node_modules/multer/storage/disk.js:65:10)
    at new Multer (/Users/explorer/PANCHEN417/aqi/node_modules/multer/index.js:15:20)
    at multer (/Users/explorer/PANCHEN417/aqi/node_modules/multer/index.js:95:12)
2018-02-12 16:07 +08:00: Error: ENOTSUP: operation not supported on socket, mkdir '/home/panchen'
    at Error (native)
    at Object.fs.mkdirSync (fs.js:923:18)
    at sync (/Users/explorer/PANCHEN417/aqi/node_modules/mkdirp/index.js:71:13)
    at sync (/Users/explorer/PANCHEN417/aqi/node_modules/mkdirp/index.js:77:24)
    at sync (/Users/explorer/PANCHEN417/aqi/node_modules/mkdirp/index.js:77:24)
    at Function.sync (/Users/explorer/PANCHEN417/aqi/node_modules/mkdirp/index.js:77:24)
    at new DiskStorage (/Users/explorer/PANCHEN417/aqi/node_modules/multer/storage/disk.js:21:12)
    at module.exports (/Users/explorer/PANCHEN417/aqi/node_modules/multer/storage/disk.js:65:10)
    at new Multer (/Users/explorer/PANCHEN417/aqi/node_modules/multer/index.js:15:20)
    at multer (/Users/explorer/PANCHEN417/aqi/node_modules/multer/index.js:95:12)
2018-02-12 16:07 +08:00: Error: ENOTSUP: operation not supported on socket, mkdir '/home/panchen'
    at Error (native)
    at Object.fs.mkdirSync (fs.js:923:18)
    at sync (/Users/explorer/PANCHEN417/aqi/node_modules/mkdirp/index.js:71:13)
    at sync (/Users/explorer/PANCHEN417/aqi/node_modules/mkdirp/index.js:77:24)
    at sync (/Users/explorer/PANCHEN417/aqi/node_modules/mkdirp/index.js:77:24)
    at Function.sync (/Users/explorer/PANCHEN417/aqi/node_modules/mkdirp/index.js:77:24)
    at new DiskStorage (/Users/explorer/PANCHEN417/aqi/node_modules/multer/storage/disk.js:21:12)
    at module.exports (/Users/explorer/PANCHEN417/aqi/node_modules/multer/storage/disk.js:65:10)
    at new Multer (/Users/explorer/PANCHEN417/aqi/node_modules/multer/index.js:15:20)
    at multer (/Users/explorer/PANCHEN417/aqi/node_modules/multer/index.js:95:12)
2018-02-12 16:07 +08:00: Error: ENOTSUP: operation not supported on socket, mkdir '/home/panchen'
    at Error (native)
    at Object.fs.mkdirSync (fs.js:923:18)
    at sync (/Users/explorer/PANCHEN417/aqi/node_modules/mkdirp/index.js:71:13)
    at sync (/Users/explorer/PANCHEN417/aqi/node_modules/mkdirp/index.js:77:24)
    at sync (/Users/explorer/PANCHEN417/aqi/node_modules/mkdirp/index.js:77:24)
    at Function.sync (/Users/explorer/PANCHEN417/aqi/node_modules/mkdirp/index.js:77:24)
    at new DiskStorage (/Users/explorer/PANCHEN417/aqi/node_modules/multer/storage/disk.js:21:12)
    at module.exports (/Users/explorer/PANCHEN417/aqi/node_modules/multer/storage/disk.js:65:10)
    at new Multer (/Users/explorer/PANCHEN417/aqi/node_modules/multer/index.js:15:20)
    at multer (/Users/explorer/PANCHEN417/aqi/node_modules/multer/index.js:95:12)
2018-02-12 16:07 +08:00: Error: ENOTSUP: operation not supported on socket, mkdir '/home/panchen'
    at Error (native)
    at Object.fs.mkdirSync (fs.js:923:18)
    at sync (/Users/explorer/PANCHEN417/aqi/node_modules/mkdirp/index.js:71:13)
    at sync (/Users/explorer/PANCHEN417/aqi/node_modules/mkdirp/index.js:77:24)
    at sync (/Users/explorer/PANCHEN417/aqi/node_modules/mkdirp/index.js:77:24)
    at Function.sync (/Users/explorer/PANCHEN417/aqi/node_modules/mkdirp/index.js:77:24)
    at new DiskStorage (/Users/explorer/PANCHEN417/aqi/node_modules/multer/storage/disk.js:21:12)
    at module.exports (/Users/explorer/PANCHEN417/aqi/node_modules/multer/storage/disk.js:65:10)
    at new Multer (/Users/explorer/PANCHEN417/aqi/node_modules/multer/index.js:15:20)
    at multer (/Users/explorer/PANCHEN417/aqi/node_modules/multer/index.js:95:12)
2018-02-12 16:07 +08:00: Error: ENOTSUP: operation not supported on socket, mkdir '/home/panchen'
    at Error (native)
    at Object.fs.mkdirSync (fs.js:923:18)
    at sync (/Users/explorer/PANCHEN417/aqi/node_modules/mkdirp/index.js:71:13)
    at sync (/Users/explorer/PANCHEN417/aqi/node_modules/mkdirp/index.js:77:24)
    at sync (/Users/explorer/PANCHEN417/aqi/node_modules/mkdirp/index.js:77:24)
    at Function.sync (/Users/explorer/PANCHEN417/aqi/node_modules/mkdirp/index.js:77:24)
    at new DiskStorage (/Users/explorer/PANCHEN417/aqi/node_modules/multer/storage/disk.js:21:12)
    at module.exports (/Users/explorer/PANCHEN417/aqi/node_modules/multer/storage/disk.js:65:10)
    at new Multer (/Users/explorer/PANCHEN417/aqi/node_modules/multer/index.js:15:20)
    at multer (/Users/explorer/PANCHEN417/aqi/node_modules/multer/index.js:95:12)
2018-02-12 16:07 +08:00: Error: ENOTSUP: operation not supported on socket, mkdir '/home/panchen'
    at Error (native)
    at Object.fs.mkdirSync (fs.js:923:18)
    at sync (/Users/explorer/PANCHEN417/aqi/node_modules/mkdirp/index.js:71:13)
    at sync (/Users/explorer/PANCHEN417/aqi/node_modules/mkdirp/index.js:77:24)
    at sync (/Users/explorer/PANCHEN417/aqi/node_modules/mkdirp/index.js:77:24)
    at Function.sync (/Users/explorer/PANCHEN417/aqi/node_modules/mkdirp/index.js:77:24)
    at new DiskStorage (/Users/explorer/PANCHEN417/aqi/node_modules/multer/storage/disk.js:21:12)
    at module.exports (/Users/explorer/PANCHEN417/aqi/node_modules/multer/storage/disk.js:65:10)
    at new Multer (/Users/explorer/PANCHEN417/aqi/node_modules/multer/index.js:15:20)
    at multer (/Users/explorer/PANCHEN417/aqi/node_modules/multer/index.js:95:12)
2018-02-12 16:07 +08:00: Error: ENOTSUP: operation not supported on socket, mkdir '/home/panchen'
    at Error (native)
    at Object.fs.mkdirSync (fs.js:923:18)
    at sync (/Users/explorer/PANCHEN417/aqi/node_modules/mkdirp/index.js:71:13)
    at sync (/Users/explorer/PANCHEN417/aqi/node_modules/mkdirp/index.js:77:24)
    at sync (/Users/explorer/PANCHEN417/aqi/node_modules/mkdirp/index.js:77:24)
    at Function.sync (/Users/explorer/PANCHEN417/aqi/node_modules/mkdirp/index.js:77:24)
    at new DiskStorage (/Users/explorer/PANCHEN417/aqi/node_modules/multer/storage/disk.js:21:12)
    at module.exports (/Users/explorer/PANCHEN417/aqi/node_modules/multer/storage/disk.js:65:10)
    at new Multer (/Users/explorer/PANCHEN417/aqi/node_modules/multer/index.js:15:20)
    at multer (/Users/explorer/PANCHEN417/aqi/node_modules/multer/index.js:95:12)
